<?xml version="1.0" encoding="UTF-8"?>
<testng-results skipped="0" failed="0" ignored="0" total="1" passed="1">
  <reporter-output>
  </reporter-output>
  <suite name="Suite" duration-ms="58" started-at="2017-10-25T15:14:34Z" finished-at="2017-10-25T15:14:34Z">
    <groups>
    </groups>
    <test name="Test" duration-ms="58" started-at="2017-10-25T15:14:34Z" finished-at="2017-10-25T15:14:34Z">
      <class name="MavenProject.MavenProject.Test1">
        <test-method status="PASS" signature="firstMethod()[pri:0, instance:MavenProject.MavenProject.Test1@32e6e9c3]" name="firstMethod" duration-ms="23" started-at="2017-10-25T20:44:34Z" finished-at="2017-10-25T20:44:34Z">
          <reporter-output>
          </reporter-output>
        </test-method> <!-- firstMethod -->
      </class> <!-- MavenProject.MavenProject.Test1 -->
    </test> <!-- Test -->
  </suite> <!-- Suite -->
</testng-results>
